21-Dec-2021 15:26:27.012 정보 [main] org.apache.catalina.startup.VersionLoggerListener.log 서버 버전 이름:    Apache Tomcat/9.0.56
21-Dec-2021 15:26:27.023 정보 [main] org.apache.catalina.startup.VersionLoggerListener.log Server 빌드 시각:  Dec 2 2021 14:30:07 UTC
21-Dec-2021 15:26:27.024 정보 [main] org.apache.catalina.startup.VersionLoggerListener.log Server 버전 번호:  9.0.56.0
21-Dec-2021 15:26:27.024 정보 [main] org.apache.catalina.startup.VersionLoggerListener.log 운영체제 이름:     Windows 10
21-Dec-2021 15:26:27.024 정보 [main] org.apache.catalina.startup.VersionLoggerListener.log 운영체제 버전:     10.0
21-Dec-2021 15:26:27.025 정보 [main] org.apache.catalina.startup.VersionLoggerListener.log 아키텍처:          amd64
21-Dec-2021 15:26:27.025 정보 [main] org.apache.catalina.startup.VersionLoggerListener.log 자바 홈:           C:\Program Files\Java\jdk1.8.0_191\jre
21-Dec-2021 15:26:27.025 정보 [main] org.apache.catalina.startup.VersionLoggerListener.log JVM 버전:          1.8.0_191-b12
21-Dec-2021 15:26:27.025 정보 [main] org.apache.catalina.startup.VersionLoggerListener.log JVM 벤더:          Oracle Corporation
21-Dec-2021 15:26:27.026 정보 [main] org.apache.catalina.startup.VersionLoggerListener.log CATALINA_BASE:     C:\Users\user\eclipse\apache-tomcat-9.0.56
21-Dec-2021 15:26:27.026 정보 [main] org.apache.catalina.startup.VersionLoggerListener.log CATALINA_HOME:     C:\Users\user\eclipse\apache-tomcat-9.0.56
21-Dec-2021 15:26:27.027 정보 [main] org.apache.catalina.startup.VersionLoggerListener.log 명령 행 아규먼트:  -Djava.util.logging.config.file=C:\Users\user\eclipse\apache-tomcat-9.0.56\conf\logging.properties
21-Dec-2021 15:26:27.028 정보 [main] org.apache.catalina.startup.VersionLoggerListener.log 명령 행 아규먼트:  -Djava.util.logging.manager=org.apache.juli.ClassLoaderLogManager
21-Dec-2021 15:26:27.028 정보 [main] org.apache.catalina.startup.VersionLoggerListener.log 명령 행 아규먼트:  -Djdk.tls.ephemeralDHKeySize=2048
21-Dec-2021 15:26:27.029 정보 [main] org.apache.catalina.startup.VersionLoggerListener.log 명령 행 아규먼트:  -Djava.protocol.handler.pkgs=org.apache.catalina.webresources
21-Dec-2021 15:26:27.031 정보 [main] org.apache.catalina.startup.VersionLoggerListener.log 명령 행 아규먼트:  -Dignore.endorsed.dirs=
21-Dec-2021 15:26:27.031 정보 [main] org.apache.catalina.startup.VersionLoggerListener.log 명령 행 아규먼트:  -Dcatalina.base=C:\Users\user\eclipse\apache-tomcat-9.0.56
21-Dec-2021 15:26:27.032 정보 [main] org.apache.catalina.startup.VersionLoggerListener.log 명령 행 아규먼트:  -Dcatalina.home=C:\Users\user\eclipse\apache-tomcat-9.0.56
21-Dec-2021 15:26:27.033 정보 [main] org.apache.catalina.startup.VersionLoggerListener.log 명령 행 아규먼트:  -Djava.io.tmpdir=C:\Users\user\eclipse\apache-tomcat-9.0.56\temp
21-Dec-2021 15:26:27.035 정보 [main] org.apache.catalina.core.AprLifecycleListener.lifecycleEvent APR 버전 [1.7.0]을(를) 사용한, APR 기반 Apache Tomcat Native 라이브러리 [1.2.31]을(를) 로드했습니다.
21-Dec-2021 15:26:27.037 정보 [main] org.apache.catalina.core.AprLifecycleListener.lifecycleEvent APR 용량정보들: IPv6 [true], sendfile [true], accept filters [false], random [true], UDS [true].
21-Dec-2021 15:26:27.037 정보 [main] org.apache.catalina.core.AprLifecycleListener.lifecycleEvent APR/OpenSSL 설정: useAprConnector [false], useOpenSSL [true]
21-Dec-2021 15:26:27.044 정보 [main] org.apache.catalina.core.AprLifecycleListener.initializeSSL OpenSSL이 성공적으로 초기화되었습니다: [OpenSSL 1.1.1l  24 Aug 2021]
21-Dec-2021 15:26:27.333 정보 [main] org.apache.coyote.AbstractProtocol.init 프로토콜 핸들러 ["http-nio-8080"]을(를) 초기화합니다.
21-Dec-2021 15:26:27.357 정보 [main] org.apache.catalina.startup.Catalina.load [535] 밀리초 내에 서버가 초기화되었습니다.
21-Dec-2021 15:26:27.382 정보 [main] org.apache.catalina.core.StandardService.startInternal 서비스 [Catalina]을(를) 시작합니다.
21-Dec-2021 15:26:27.384 정보 [main] org.apache.catalina.core.StandardEngine.startInternal 서버 엔진을 시작합니다: [Apache Tomcat/9.0.56]
21-Dec-2021 15:26:27.392 정보 [main] org.apache.catalina.startup.HostConfig.deployDirectory 웹 애플리케이션 디렉토리 [C:\Users\user\eclipse\apache-tomcat-9.0.56\webapps\docs]을(를) 배치합니다.
21-Dec-2021 15:26:27.656 정보 [main] org.apache.catalina.startup.HostConfig.deployDirectory 웹 애플리케이션 디렉토리 [C:\Users\user\eclipse\apache-tomcat-9.0.56\webapps\docs]에 대한 배치가 [263] 밀리초에 완료되었습니다.
21-Dec-2021 15:26:27.659 정보 [main] org.apache.catalina.startup.HostConfig.deployDirectory 웹 애플리케이션 디렉토리 [C:\Users\user\eclipse\apache-tomcat-9.0.56\webapps\examples]을(를) 배치합니다.
21-Dec-2021 15:26:27.940 정보 [main] org.apache.catalina.startup.HostConfig.deployDirectory 웹 애플리케이션 디렉토리 [C:\Users\user\eclipse\apache-tomcat-9.0.56\webapps\examples]에 대한 배치가 [281] 밀리초에 완료되었습니다.
21-Dec-2021 15:26:27.945 정보 [main] org.apache.catalina.startup.HostConfig.deployDirectory 웹 애플리케이션 디렉토리 [C:\Users\user\eclipse\apache-tomcat-9.0.56\webapps\host-manager]을(를) 배치합니다.
21-Dec-2021 15:26:27.971 정보 [main] org.apache.catalina.startup.HostConfig.deployDirectory 웹 애플리케이션 디렉토리 [C:\Users\user\eclipse\apache-tomcat-9.0.56\webapps\host-manager]에 대한 배치가 [26] 밀리초에 완료되었습니다.
21-Dec-2021 15:26:27.974 정보 [main] org.apache.catalina.startup.HostConfig.deployDirectory 웹 애플리케이션 디렉토리 [C:\Users\user\eclipse\apache-tomcat-9.0.56\webapps\manager]을(를) 배치합니다.
21-Dec-2021 15:26:27.996 정보 [main] org.apache.catalina.startup.HostConfig.deployDirectory 웹 애플리케이션 디렉토리 [C:\Users\user\eclipse\apache-tomcat-9.0.56\webapps\manager]에 대한 배치가 [22] 밀리초에 완료되었습니다.
21-Dec-2021 15:26:27.998 정보 [main] org.apache.catalina.startup.HostConfig.deployDirectory 웹 애플리케이션 디렉토리 [C:\Users\user\eclipse\apache-tomcat-9.0.56\webapps\ROOT]을(를) 배치합니다.
21-Dec-2021 15:26:28.016 정보 [main] org.apache.catalina.startup.HostConfig.deployDirectory 웹 애플리케이션 디렉토리 [C:\Users\user\eclipse\apache-tomcat-9.0.56\webapps\ROOT]에 대한 배치가 [17] 밀리초에 완료되었습니다.
21-Dec-2021 15:26:28.020 정보 [main] org.apache.coyote.AbstractProtocol.start 프로토콜 핸들러 ["http-nio-8080"]을(를) 시작합니다.
21-Dec-2021 15:26:28.038 정보 [main] org.apache.catalina.startup.Catalina.start 서버가 [680] 밀리초 내에 시작되었습니다.
21-Dec-2021 15:26:31.595 정보 [Thread-3] org.apache.coyote.AbstractProtocol.pause 프로토콜 핸들러 ["http-nio-8080"]을(를) 일시 정지 중
21-Dec-2021 15:26:31.684 정보 [Thread-3] org.apache.catalina.core.StandardService.stopInternal 서비스 [Catalina]을(를) 중지시킵니다.
21-Dec-2021 15:26:31.710 정보 [Thread-3] org.apache.coyote.AbstractProtocol.stop 프로토콜 핸들러 ["http-nio-8080"]을(를) 중지시킵니다.
21-Dec-2021 15:26:31.722 정보 [Thread-3] org.apache.coyote.AbstractProtocol.destroy 프로토콜 핸들러 ["http-nio-8080"]을(를) 소멸시킵니다.
21-Dec-2021 15:33:01.979 정보 [main] org.apache.catalina.startup.VersionLoggerListener.log 서버 버전 이름:    Apache Tomcat/9.0.56
21-Dec-2021 15:33:01.983 정보 [main] org.apache.catalina.startup.VersionLoggerListener.log Server 빌드 시각:  Dec 2 2021 14:30:07 UTC
21-Dec-2021 15:33:01.984 정보 [main] org.apache.catalina.startup.VersionLoggerListener.log Server 버전 번호:  9.0.56.0
21-Dec-2021 15:33:01.985 정보 [main] org.apache.catalina.startup.VersionLoggerListener.log 운영체제 이름:     Windows 10
21-Dec-2021 15:33:01.985 정보 [main] org.apache.catalina.startup.VersionLoggerListener.log 운영체제 버전:     10.0
21-Dec-2021 15:33:01.986 정보 [main] org.apache.catalina.startup.VersionLoggerListener.log 아키텍처:          amd64
21-Dec-2021 15:33:01.986 정보 [main] org.apache.catalina.startup.VersionLoggerListener.log 자바 홈:           C:\Program Files\Java\jdk1.8.0_191\jre
21-Dec-2021 15:33:01.986 정보 [main] org.apache.catalina.startup.VersionLoggerListener.log JVM 버전:          1.8.0_191-b12
21-Dec-2021 15:33:01.987 정보 [main] org.apache.catalina.startup.VersionLoggerListener.log JVM 벤더:          Oracle Corporation
21-Dec-2021 15:33:01.987 정보 [main] org.apache.catalina.startup.VersionLoggerListener.log CATALINA_BASE:     C:\Users\user\eclipse\apache-tomcat-9.0.56
21-Dec-2021 15:33:01.987 정보 [main] org.apache.catalina.startup.VersionLoggerListener.log CATALINA_HOME:     C:\Users\user\eclipse\apache-tomcat-9.0.56
21-Dec-2021 15:33:01.989 정보 [main] org.apache.catalina.startup.VersionLoggerListener.log 명령 행 아규먼트:  -Djava.util.logging.config.file=C:\Users\user\eclipse\apache-tomcat-9.0.56\conf\logging.properties
21-Dec-2021 15:33:01.990 정보 [main] org.apache.catalina.startup.VersionLoggerListener.log 명령 행 아규먼트:  -Djava.util.logging.manager=org.apache.juli.ClassLoaderLogManager
21-Dec-2021 15:33:01.991 정보 [main] org.apache.catalina.startup.VersionLoggerListener.log 명령 행 아규먼트:  -Djdk.tls.ephemeralDHKeySize=2048
21-Dec-2021 15:33:01.992 정보 [main] org.apache.catalina.startup.VersionLoggerListener.log 명령 행 아규먼트:  -Djava.protocol.handler.pkgs=org.apache.catalina.webresources
21-Dec-2021 15:33:01.993 정보 [main] org.apache.catalina.startup.VersionLoggerListener.log 명령 행 아규먼트:  -Dignore.endorsed.dirs=
21-Dec-2021 15:33:01.993 정보 [main] org.apache.catalina.startup.VersionLoggerListener.log 명령 행 아규먼트:  -Dcatalina.base=C:\Users\user\eclipse\apache-tomcat-9.0.56
21-Dec-2021 15:33:01.994 정보 [main] org.apache.catalina.startup.VersionLoggerListener.log 명령 행 아규먼트:  -Dcatalina.home=C:\Users\user\eclipse\apache-tomcat-9.0.56
21-Dec-2021 15:33:01.995 정보 [main] org.apache.catalina.startup.VersionLoggerListener.log 명령 행 아규먼트:  -Djava.io.tmpdir=C:\Users\user\eclipse\apache-tomcat-9.0.56\temp
21-Dec-2021 15:33:01.998 정보 [main] org.apache.catalina.core.AprLifecycleListener.lifecycleEvent APR 버전 [1.7.0]을(를) 사용한, APR 기반 Apache Tomcat Native 라이브러리 [1.2.31]을(를) 로드했습니다.
21-Dec-2021 15:33:01.999 정보 [main] org.apache.catalina.core.AprLifecycleListener.lifecycleEvent APR 용량정보들: IPv6 [true], sendfile [true], accept filters [false], random [true], UDS [true].
21-Dec-2021 15:33:01.999 정보 [main] org.apache.catalina.core.AprLifecycleListener.lifecycleEvent APR/OpenSSL 설정: useAprConnector [false], useOpenSSL [true]
21-Dec-2021 15:33:02.005 정보 [main] org.apache.catalina.core.AprLifecycleListener.initializeSSL OpenSSL이 성공적으로 초기화되었습니다: [OpenSSL 1.1.1l  24 Aug 2021]
21-Dec-2021 15:33:02.205 정보 [main] org.apache.coyote.AbstractProtocol.init 프로토콜 핸들러 ["http-nio-8080"]을(를) 초기화합니다.
21-Dec-2021 15:33:02.223 정보 [main] org.apache.catalina.startup.Catalina.load [374] 밀리초 내에 서버가 초기화되었습니다.
21-Dec-2021 15:33:02.247 정보 [main] org.apache.catalina.core.StandardService.startInternal 서비스 [Catalina]을(를) 시작합니다.
21-Dec-2021 15:33:02.250 정보 [main] org.apache.catalina.core.StandardEngine.startInternal 서버 엔진을 시작합니다: [Apache Tomcat/9.0.56]
21-Dec-2021 15:33:02.258 정보 [main] org.apache.catalina.startup.HostConfig.deployDirectory 웹 애플리케이션 디렉토리 [C:\Users\user\eclipse\apache-tomcat-9.0.56\webapps\docs]을(를) 배치합니다.
21-Dec-2021 15:33:02.509 정보 [main] org.apache.catalina.startup.HostConfig.deployDirectory 웹 애플리케이션 디렉토리 [C:\Users\user\eclipse\apache-tomcat-9.0.56\webapps\docs]에 대한 배치가 [252] 밀리초에 완료되었습니다.
21-Dec-2021 15:33:02.514 정보 [main] org.apache.catalina.startup.HostConfig.deployDirectory 웹 애플리케이션 디렉토리 [C:\Users\user\eclipse\apache-tomcat-9.0.56\webapps\examples]을(를) 배치합니다.
21-Dec-2021 15:33:02.780 정보 [main] org.apache.catalina.startup.HostConfig.deployDirectory 웹 애플리케이션 디렉토리 [C:\Users\user\eclipse\apache-tomcat-9.0.56\webapps\examples]에 대한 배치가 [265] 밀리초에 완료되었습니다.
21-Dec-2021 15:33:02.783 정보 [main] org.apache.catalina.startup.HostConfig.deployDirectory 웹 애플리케이션 디렉토리 [C:\Users\user\eclipse\apache-tomcat-9.0.56\webapps\host-manager]을(를) 배치합니다.
21-Dec-2021 15:33:02.808 정보 [main] org.apache.catalina.startup.HostConfig.deployDirectory 웹 애플리케이션 디렉토리 [C:\Users\user\eclipse\apache-tomcat-9.0.56\webapps\host-manager]에 대한 배치가 [25] 밀리초에 완료되었습니다.
21-Dec-2021 15:33:02.809 정보 [main] org.apache.catalina.startup.HostConfig.deployDirectory 웹 애플리케이션 디렉토리 [C:\Users\user\eclipse\apache-tomcat-9.0.56\webapps\manager]을(를) 배치합니다.
21-Dec-2021 15:33:02.831 정보 [main] org.apache.catalina.startup.HostConfig.deployDirectory 웹 애플리케이션 디렉토리 [C:\Users\user\eclipse\apache-tomcat-9.0.56\webapps\manager]에 대한 배치가 [22] 밀리초에 완료되었습니다.
21-Dec-2021 15:33:02.834 정보 [main] org.apache.catalina.startup.HostConfig.deployDirectory 웹 애플리케이션 디렉토리 [C:\Users\user\eclipse\apache-tomcat-9.0.56\webapps\ROOT]을(를) 배치합니다.
21-Dec-2021 15:33:02.854 정보 [main] org.apache.catalina.startup.HostConfig.deployDirectory 웹 애플리케이션 디렉토리 [C:\Users\user\eclipse\apache-tomcat-9.0.56\webapps\ROOT]에 대한 배치가 [19] 밀리초에 완료되었습니다.
21-Dec-2021 15:33:02.856 정보 [main] org.apache.coyote.AbstractProtocol.start 프로토콜 핸들러 ["http-nio-8080"]을(를) 시작합니다.
21-Dec-2021 15:33:02.868 정보 [main] org.apache.catalina.startup.Catalina.start 서버가 [640] 밀리초 내에 시작되었습니다.
21-Dec-2021 16:10:16.936 정보 [Thread-3] org.apache.coyote.AbstractProtocol.pause 프로토콜 핸들러 ["http-nio-8080"]을(를) 일시 정지 중
21-Dec-2021 16:10:17.026 정보 [Thread-3] org.apache.catalina.core.StandardService.stopInternal 서비스 [Catalina]을(를) 중지시킵니다.
21-Dec-2021 16:10:17.040 정보 [Thread-3] org.apache.coyote.AbstractProtocol.stop 프로토콜 핸들러 ["http-nio-8080"]을(를) 중지시킵니다.
21-Dec-2021 16:10:17.068 정보 [Thread-3] org.apache.coyote.AbstractProtocol.destroy 프로토콜 핸들러 ["http-nio-8080"]을(를) 소멸시킵니다.
