22-Dec-2021 09:12:23.090 정보 [main] org.apache.catalina.core.ApplicationContext.log ContextListener: contextInitialized()
22-Dec-2021 09:12:23.090 정보 [main] org.apache.catalina.core.ApplicationContext.log SessionListener: contextInitialized()
22-Dec-2021 09:12:23.091 정보 [main] org.apache.catalina.core.ApplicationContext.log ContextListener: attributeAdded('StockTicker', 'async.Stockticker@3098cf3b')
22-Dec-2021 09:20:37.463 정보 [main] org.apache.catalina.core.ApplicationContext.log SessionListener: contextDestroyed()
22-Dec-2021 09:20:37.463 정보 [main] org.apache.catalina.core.ApplicationContext.log ContextListener: contextDestroyed()
22-Dec-2021 09:21:21.805 정보 [main] org.apache.catalina.core.ApplicationContext.log ContextListener: contextInitialized()
22-Dec-2021 09:21:21.805 정보 [main] org.apache.catalina.core.ApplicationContext.log SessionListener: contextInitialized()
22-Dec-2021 09:21:21.806 정보 [main] org.apache.catalina.core.ApplicationContext.log ContextListener: attributeAdded('StockTicker', 'async.Stockticker@610f7aa')
22-Dec-2021 09:48:56.131 정보 [Thread-3] org.apache.catalina.core.ApplicationContext.log SessionListener: contextDestroyed()
22-Dec-2021 09:48:56.131 정보 [Thread-3] org.apache.catalina.core.ApplicationContext.log ContextListener: contextDestroyed()
22-Dec-2021 10:32:10.348 정보 [main] org.apache.catalina.core.ApplicationContext.log ContextListener: contextInitialized()
22-Dec-2021 10:32:10.348 정보 [main] org.apache.catalina.core.ApplicationContext.log SessionListener: contextInitialized()
22-Dec-2021 10:32:10.349 정보 [main] org.apache.catalina.core.ApplicationContext.log ContextListener: attributeAdded('StockTicker', 'async.Stockticker@610f7aa')
22-Dec-2021 10:32:39.625 정보 [Thread-3] org.apache.catalina.core.ApplicationContext.log SessionListener: contextDestroyed()
22-Dec-2021 10:32:39.625 정보 [Thread-3] org.apache.catalina.core.ApplicationContext.log ContextListener: contextDestroyed()
22-Dec-2021 10:34:24.921 정보 [main] org.apache.catalina.core.ApplicationContext.log ContextListener: contextInitialized()
22-Dec-2021 10:34:24.921 정보 [main] org.apache.catalina.core.ApplicationContext.log SessionListener: contextInitialized()
22-Dec-2021 10:34:24.922 정보 [main] org.apache.catalina.core.ApplicationContext.log ContextListener: attributeAdded('StockTicker', 'async.Stockticker@610f7aa')
22-Dec-2021 10:38:12.172 정보 [main] org.apache.catalina.core.ApplicationContext.log SessionListener: contextDestroyed()
22-Dec-2021 10:38:12.172 정보 [main] org.apache.catalina.core.ApplicationContext.log ContextListener: contextDestroyed()
22-Dec-2021 15:06:55.536 정보 [main] org.apache.catalina.core.ApplicationContext.log ContextListener: contextInitialized()
22-Dec-2021 15:06:55.536 정보 [main] org.apache.catalina.core.ApplicationContext.log SessionListener: contextInitialized()
22-Dec-2021 15:06:55.537 정보 [main] org.apache.catalina.core.ApplicationContext.log ContextListener: attributeAdded('StockTicker', 'async.Stockticker@3c947bc5')
22-Dec-2021 15:06:55.644 정보 [main] org.apache.catalina.core.ApplicationContext.log SessionListener: contextDestroyed()
22-Dec-2021 15:06:55.644 정보 [main] org.apache.catalina.core.ApplicationContext.log ContextListener: contextDestroyed()
22-Dec-2021 15:08:28.440 정보 [main] org.apache.catalina.core.ApplicationContext.log ContextListener: contextInitialized()
22-Dec-2021 15:08:28.440 정보 [main] org.apache.catalina.core.ApplicationContext.log SessionListener: contextInitialized()
22-Dec-2021 15:08:28.441 정보 [main] org.apache.catalina.core.ApplicationContext.log ContextListener: attributeAdded('StockTicker', 'async.Stockticker@3c947bc5')
22-Dec-2021 15:08:28.549 정보 [main] org.apache.catalina.core.ApplicationContext.log SessionListener: contextDestroyed()
22-Dec-2021 15:08:28.549 정보 [main] org.apache.catalina.core.ApplicationContext.log ContextListener: contextDestroyed()
22-Dec-2021 15:08:46.211 정보 [main] org.apache.catalina.core.ApplicationContext.log ContextListener: contextInitialized()
22-Dec-2021 15:08:46.211 정보 [main] org.apache.catalina.core.ApplicationContext.log SessionListener: contextInitialized()
22-Dec-2021 15:08:46.213 정보 [main] org.apache.catalina.core.ApplicationContext.log ContextListener: attributeAdded('StockTicker', 'async.Stockticker@1329eff')
22-Dec-2021 15:44:34.481 정보 [Thread-3] org.apache.catalina.core.ApplicationContext.log SessionListener: contextDestroyed()
22-Dec-2021 15:44:34.481 정보 [Thread-3] org.apache.catalina.core.ApplicationContext.log ContextListener: contextDestroyed()
22-Dec-2021 15:44:44.093 정보 [main] org.apache.catalina.core.ApplicationContext.log ContextListener: contextInitialized()
22-Dec-2021 15:44:44.094 정보 [main] org.apache.catalina.core.ApplicationContext.log SessionListener: contextInitialized()
22-Dec-2021 15:44:44.095 정보 [main] org.apache.catalina.core.ApplicationContext.log ContextListener: attributeAdded('StockTicker', 'async.Stockticker@1329eff')
22-Dec-2021 15:46:16.637 정보 [main] org.apache.catalina.core.ApplicationContext.log SessionListener: contextDestroyed()
22-Dec-2021 15:46:16.637 정보 [main] org.apache.catalina.core.ApplicationContext.log ContextListener: contextDestroyed()
22-Dec-2021 15:46:31.439 정보 [main] org.apache.catalina.core.ApplicationContext.log ContextListener: contextInitialized()
22-Dec-2021 15:46:31.439 정보 [main] org.apache.catalina.core.ApplicationContext.log SessionListener: contextInitialized()
22-Dec-2021 15:46:31.440 정보 [main] org.apache.catalina.core.ApplicationContext.log ContextListener: attributeAdded('StockTicker', 'async.Stockticker@1329eff')
22-Dec-2021 15:53:39.739 정보 [main] org.apache.catalina.core.ApplicationContext.log SessionListener: contextDestroyed()
22-Dec-2021 15:53:39.739 정보 [main] org.apache.catalina.core.ApplicationContext.log ContextListener: contextDestroyed()
22-Dec-2021 15:53:44.103 정보 [main] org.apache.catalina.core.ApplicationContext.log ContextListener: contextInitialized()
22-Dec-2021 15:53:44.103 정보 [main] org.apache.catalina.core.ApplicationContext.log SessionListener: contextInitialized()
22-Dec-2021 15:53:44.104 정보 [main] org.apache.catalina.core.ApplicationContext.log ContextListener: attributeAdded('StockTicker', 'async.Stockticker@1329eff')
22-Dec-2021 15:57:30.148 정보 [main] org.apache.catalina.core.ApplicationContext.log SessionListener: contextDestroyed()
22-Dec-2021 15:57:30.148 정보 [main] org.apache.catalina.core.ApplicationContext.log ContextListener: contextDestroyed()
22-Dec-2021 15:57:33.089 정보 [main] org.apache.catalina.core.ApplicationContext.log ContextListener: contextInitialized()
22-Dec-2021 15:57:33.089 정보 [main] org.apache.catalina.core.ApplicationContext.log SessionListener: contextInitialized()
22-Dec-2021 15:57:33.090 정보 [main] org.apache.catalina.core.ApplicationContext.log ContextListener: attributeAdded('StockTicker', 'async.Stockticker@1329eff')
22-Dec-2021 15:58:58.929 정보 [main] org.apache.catalina.core.ApplicationContext.log SessionListener: contextDestroyed()
22-Dec-2021 15:58:58.929 정보 [main] org.apache.catalina.core.ApplicationContext.log ContextListener: contextDestroyed()
22-Dec-2021 15:59:01.627 정보 [main] org.apache.catalina.core.ApplicationContext.log ContextListener: contextInitialized()
22-Dec-2021 15:59:01.627 정보 [main] org.apache.catalina.core.ApplicationContext.log SessionListener: contextInitialized()
22-Dec-2021 15:59:01.628 정보 [main] org.apache.catalina.core.ApplicationContext.log ContextListener: attributeAdded('StockTicker', 'async.Stockticker@1329eff')
22-Dec-2021 16:17:11.380 정보 [main] org.apache.catalina.core.ApplicationContext.log SessionListener: contextDestroyed()
22-Dec-2021 16:17:11.380 정보 [main] org.apache.catalina.core.ApplicationContext.log ContextListener: contextDestroyed()
